<?xml version="1.0" encoding="UTF-8"?>
<coverage generated="1770121270319" clover="3.2.0">
  <project timestamp="1770121270319" name="All files">
    <metrics statements="4" coveredstatements="4" conditionals="2" coveredconditionals="2" methods="1" coveredmethods="1" elements="7" coveredelements="7" complexity="0" loc="4" ncloc="4" packages="1" files="1" classes="1"/>
    <file name="App.vue" path="D:\HuaweiMoveData\Users\官海峰\Desktop\Githubs-Learning\前端技术栈学习\experiment\my-first-vite-app\src\App.vue">
      <metrics statements="4" coveredstatements="4" conditionals="2" coveredconditionals="2" methods="1" coveredmethods="1"/>
      <line num="6" count="2" type="stmt"/>
      <line num="11" count="2" type="stmt"/>
      <line num="16" count="2" type="stmt"/>
      <line num="21" count="1" type="cond" truecount="2" falsecount="0"/>
    </file>
  </project>
</coverage>
