{"D:\\HuaweiMoveData\\Users\\官海峰\\Desktop\\Githubs-Learning\\前端技术栈学习\\experiment\\my-first-vite-app\\src\\App.vue": {"path":"D:\\HuaweiMoveData\\Users\\官海峰\\Desktop\\Githubs-Learning\\前端技术栈学习\\experiment\\my-first-vite-app\\src\\App.vue","statementMap":{"0":{"start":{"line":6,"column":14},"end":{"line":6,"column":null}},"1":{"start":{"line":11,"column":13},"end":{"line":11,"column":null}},"2":{"start":{"line":16,"column":6},"end":{"line":16,"column":null}},"3":{"start":{"line":21,"column":18},"end":{"line":21,"column":57}}},"fnMap":{"0":{"name":"(anonymous_0)","decl":{"start":{"line":21,"column":16},"end":{"line":21,"column":18}},"loc":{"start":{"line":21,"column":18},"end":{"line":21,"column":57}},"line":21}},"branchMap":{"0":{"loc":{"start":{"line":21,"column":16},"end":{"line":21,"column":57}},"type":"binary-expr","locations":[{"start":{"line":21,"column":16},"end":{"line":21,"column":18}},{"start":{"line":21,"column":16},"end":{"line":21,"column":57}}],"line":21}},"s":{"0":2,"1":2,"2":2,"3":1},"f":{"0":1},"b":{"0":[2,2]},"meta":{"lastBranch":0,"lastFunction":0,"lastStatement":0,"seen":{}}}
}
